[debug] [2022-03-21T04:23:06.722Z] ----------------------------------------------------------------------
[debug] [2022-03-21T04:23:06.723Z] Command:       /usr/local/bin/node /usr/local/bin/firebase --debug emulators:start --only functions,hosting
[debug] [2022-03-21T04:23:06.723Z] CLI Version:   10.4.0
[debug] [2022-03-21T04:23:06.723Z] Platform:      darwin
[debug] [2022-03-21T04:23:06.723Z] Node Version:  v16.14.2
[debug] [2022-03-21T04:23:06.724Z] Time:          Mon Mar 21 2022 00:23:06 GMT-0400 (Eastern Daylight Time)
[debug] [2022-03-21T04:23:06.724Z] ----------------------------------------------------------------------
[debug] 
[debug] [2022-03-21T04:23:06.749Z] > command requires scopes: ["email","openid","https://www.googleapis.com/auth/cloudplatformprojects.readonly","https://www.googleapis.com/auth/firebase","https://www.googleapis.com/auth/cloud-platform"]
[debug] [2022-03-21T04:23:06.750Z] > authorizing via signed-in user (tadeledawit1983@gmail.com)
[info] i  emulators: Starting emulators: functions, hosting {"metadata":{"emulator":{"name":"hub"},"message":"Starting emulators: functions, hosting"}}
[debug] [2022-03-21T04:23:06.761Z] [hub] writing locator at /var/folders/3f/ds1v2prs2xd1zkxnpncp5_fw0000gn/T/hub-website-9e31f.json
[warn] ⚠  functions: The following emulators are not running, calls to these services from the Functions emulator will affect production: auth, firestore, database, pubsub, storage {"metadata":{"emulator":{"name":"functions"},"message":"The following emulators are not running, calls to these services from the Functions emulator will affect production: \u001b[1mauth, firestore, database, pubsub, storage\u001b[22m"}}
[info] ✔  functions: Using node@16 from host. {"metadata":{"emulator":{"name":"functions"},"message":"Using node@16 from host."}}
[debug] [2022-03-21T04:23:06.770Z] defaultcredentials: writing to file /Users/dave/Desktop/.config/firebase/tadeledawit1983_gmail_com_application_default_credentials.json
[debug] [2022-03-21T04:23:06.771Z] Setting GAC to /Users/dave/Desktop/.config/firebase/tadeledawit1983_gmail_com_application_default_credentials.json {"metadata":{"emulator":{"name":"functions"},"message":"Setting GAC to /Users/dave/Desktop/.config/firebase/tadeledawit1983_gmail_com_application_default_credentials.json"}}
[debug] [2022-03-21T04:23:06.772Z] > refreshing access token with scopes: []
[debug] [2022-03-21T04:23:06.772Z] >>> HTTP REQUEST POST https://www.googleapis.com/oauth2/v3/token  
 <request body omitted>
[debug] [2022-03-21T04:23:08.371Z] <<< HTTP RESPONSE 200 {"cache-control":"no-cache, no-store, max-age=0, must-revalidate","expires":"Mon, 01 Jan 1990 00:00:00 GMT","date":"Mon, 21 Mar 2022 04:23:08 GMT","pragma":"no-cache","content-type":"application/json; charset=utf-8","vary":"X-Origin, Referer, Origin,Accept-Encoding","server":"scaffolding on HTTPServer2","x-xss-protection":"0","x-frame-options":"SAMEORIGIN","x-content-type-options":"nosniff","alt-svc":"h3=\":443\"; ma=2592000,h3-29=\":443\"; ma=2592000,h3-Q050=\":443\"; ma=2592000,h3-Q046=\":443\"; ma=2592000,h3-Q043=\":443\"; ma=2592000,quic=\":443\"; ma=2592000; v=\"46,43\"","accept-ranges":"none","transfer-encoding":"chunked"}
[debug] [2022-03-21T04:23:08.420Z] >>> [apiv2][query] GET https://firebase.googleapis.com/v1beta1/projects/website-9e31f/adminSdkConfig [none]
[debug] [2022-03-21T04:23:09.574Z] <<< [apiv2][status] GET https://firebase.googleapis.com/v1beta1/projects/website-9e31f/adminSdkConfig 200
[debug] [2022-03-21T04:23:09.574Z] <<< [apiv2][body] GET https://firebase.googleapis.com/v1beta1/projects/website-9e31f/adminSdkConfig {"projectId":"website-9e31f","storageBucket":"website-9e31f.appspot.com","locationId":"us-central"}
[info] i  emulators: Shutting down emulators. {"metadata":{"emulator":{"name":"hub"},"message":"Shutting down emulators."}}
[info] i  functions: Stopping Functions Emulator {"metadata":{"emulator":{"name":"functions"},"message":"Stopping Functions Emulator"}}
[info] i  hub: Stopping emulator hub {"metadata":{"emulator":{"name":"hub"},"message":"Stopping emulator hub"}}
[warn] ⚠  hosting: Port 5000 is not open on localhost, could not start Hosting Emulator. {"metadata":{"emulator":{"name":"hosting"},"message":"Port 5000 is not open on localhost, could not start Hosting Emulator."}}
[warn] ⚠  hosting: To select a different host/port, specify that host/port in a firebase.json config file:
      {
        // ...
        "emulators": {
          "hosting": {
            "host": "HOST",
            "port": "PORT"
          }
        }
      } {"metadata":{"emulator":{"name":"hosting"},"message":"To select a different host/port, specify that host/port in a firebase.json config file:\n      {\n        // ...\n        \"emulators\": {\n          \"hosting\": {\n            \"host\": \"\u001b[33mHOST\u001b[39m\",\n            \"port\": \"\u001b[33mPORT\u001b[39m\"\n          }\n        }\n      }"}}
[info] i  emulators: Shutting down emulators. {"metadata":{"emulator":{"name":"hub"},"message":"Shutting down emulators."}}
[error] 
[error] Error: Could not start Hosting Emulator, port taken.
